  Camera.cpp
  ColumnaAlvarezLuisFernando_PRACTICA10_GRUPO7.cpp
  figuras.cpp
c:\users\ferna\desktop\pract10\proyecto final\proyectofinal\figuras.cpp(20): warning C4838: la conversión de 'double' en 'GLfloat' requiere una conversión de restricción
c:\users\ferna\desktop\pract10\proyecto final\proyectofinal\figuras.cpp(90): warning C4838: la conversión de 'double' en 'GLfloat' requiere una conversión de restricción
c:\users\ferna\desktop\pract10\proyecto final\proyectofinal\figuras.cpp(232): warning C4838: la conversión de 'double' en 'GLfloat' requiere una conversión de restricción
c:\users\ferna\desktop\pract10\proyecto final\proyectofinal\figuras.cpp(373): warning C4101: 'theta': variable local sin referencia
c:\users\ferna\desktop\pract10\proyecto final\proyectofinal\figuras.cpp(373): warning C4101: 'phi': variable local sin referencia
  texture.cpp
  Generando código...
CModel.lib(_3dsloader.obj) : warning LNK4099: no se encontró PDB 'vc70.pdb' con 'CModel.lib(_3dsloader.obj)' o en 'C:\Users\ferna\Desktop\pract10\Proyecto final\ProyectoFinal\Debug\vc70.pdb'; se vinculará el objeto sin tener en cuenta información de depuración
CModel.lib(CModel.obj) : warning LNK4099: no se encontró PDB 'vc70.pdb' con 'CModel.lib(CModel.obj)' o en 'C:\Users\ferna\Desktop\pract10\Proyecto final\ProyectoFinal\Debug\vc70.pdb'; se vinculará el objeto sin tener en cuenta información de depuración
CModel.lib(CObject.obj) : warning LNK4099: no se encontró PDB 'vc70.pdb' con 'CModel.lib(CObject.obj)' o en 'C:\Users\ferna\Desktop\pract10\Proyecto final\ProyectoFinal\Debug\vc70.pdb'; se vinculará el objeto sin tener en cuenta información de depuración
CModel.lib(GFILoader.obj) : warning LNK4099: no se encontró PDB 'vc70.pdb' con 'CModel.lib(GFILoader.obj)' o en 'C:\Users\ferna\Desktop\pract10\Proyecto final\ProyectoFinal\Debug\vc70.pdb'; se vinculará el objeto sin tener en cuenta información de depuración
CModel.lib(GLRender.obj) : warning LNK4099: no se encontró PDB 'vc70.pdb' con 'CModel.lib(GLRender.obj)' o en 'C:\Users\ferna\Desktop\pract10\Proyecto final\ProyectoFinal\Debug\vc70.pdb'; se vinculará el objeto sin tener en cuenta información de depuración
CModel.lib(HandleStream.obj) : warning LNK4099: no se encontró PDB 'vc70.pdb' con 'CModel.lib(HandleStream.obj)' o en 'C:\Users\ferna\Desktop\pract10\Proyecto final\ProyectoFinal\Debug\vc70.pdb'; se vinculará el objeto sin tener en cuenta información de depuración
CModel.lib(imageload.obj) : warning LNK4099: no se encontró PDB 'vc70.pdb' con 'CModel.lib(imageload.obj)' o en 'C:\Users\ferna\Desktop\pract10\Proyecto final\ProyectoFinal\Debug\vc70.pdb'; se vinculará el objeto sin tener en cuenta información de depuración
CModel.lib(MATRIX4X4.obj) : warning LNK4099: no se encontró PDB 'vc70.pdb' con 'CModel.lib(MATRIX4X4.obj)' o en 'C:\Users\ferna\Desktop\pract10\Proyecto final\ProyectoFinal\Debug\vc70.pdb'; se vinculará el objeto sin tener en cuenta información de depuración
CModel.lib(VECTOR3D.obj) : warning LNK4099: no se encontró PDB 'vc70.pdb' con 'CModel.lib(VECTOR3D.obj)' o en 'C:\Users\ferna\Desktop\pract10\Proyecto final\ProyectoFinal\Debug\vc70.pdb'; se vinculará el objeto sin tener en cuenta información de depuración
CModel.lib(VECTOR4D.obj) : warning LNK4099: no se encontró PDB 'vc70.pdb' con 'CModel.lib(VECTOR4D.obj)' o en 'C:\Users\ferna\Desktop\pract10\Proyecto final\ProyectoFinal\Debug\vc70.pdb'; se vinculará el objeto sin tener en cuenta información de depuración
  practica10.vcxproj -> C:\Users\ferna\Desktop\pract10\Proyecto final\ProyectoFinal\Debug\practica10.exe
